This file contains any messages produced by compilers while
running configure, to aid debugging if configure makes a mistake.

It was created by pfring-daq-module configure 0.1, which was
generated by GNU Autoconf 2.69.  Invocation command line was

  $ ./configure 

## --------- ##
## Platform. ##
## --------- ##

hostname = mubbashir
uname -m = x86_64
uname -r = 4.18.0-25-generic
uname -s = Linux
uname -v = #26-Ubuntu SMP Mon Jun 24 09:32:08 UTC 2019

/usr/bin/uname -p = unknown
/bin/uname -X     = unknown

/bin/arch              = unknown
/usr/bin/arch -k       = unknown
/usr/convex/getsysinfo = unknown
/usr/bin/hostinfo      = unknown
/bin/machine           = unknown
/usr/bin/oslevel       = unknown
/bin/universe          = unknown

PATH: /usr/local/sbin
PATH: /usr/local/bin
PATH: /usr/sbin
PATH: /usr/bin
PATH: /sbin
PATH: /bin
PATH: /usr/games
PATH: /usr/local/games


## ----------- ##
## Core tests. ##
## ----------- ##

configure:2391: checking for a BSD-compatible install
configure:2459: result: /usr/bin/install -c
configure:2470: checking whether build environment is sane
configure:2525: result: yes
configure:2676: checking for a thread-safe mkdir -p
configure:2715: result: /bin/mkdir -p
configure:2722: checking for gawk
configure:2752: result: no
configure:2722: checking for mawk
configure:2738: found /usr/bin/mawk
configure:2749: result: mawk
configure:2760: checking whether make sets $(MAKE)
configure:2782: result: yes
configure:2811: checking whether make supports nested variables
configure:2828: result: yes
configure:3009: checking for gcc
configure:3025: found /usr/bin/gcc
configure:3036: result: gcc
configure:3265: checking for C compiler version
configure:3274: gcc --version >&5
gcc (Ubuntu 8.3.0-6ubuntu1~18.10.1) 8.3.0
Copyright (C) 2018 Free Software Foundation, Inc.
This is free software; see the source for copying conditions.  There is NO
warranty; not even for MERCHANTABILITY or FITNESS FOR A PARTICULAR PURPOSE.

configure:3285: $? = 0
configure:3274: gcc -v >&5
Using built-in specs.
COLLECT_GCC=gcc
COLLECT_LTO_WRAPPER=/usr/lib/gcc/x86_64-linux-gnu/8/lto-wrapper
OFFLOAD_TARGET_NAMES=nvptx-none
OFFLOAD_TARGET_DEFAULT=1
Target: x86_64-linux-gnu
Configured with: ../src/configure -v --with-pkgversion='Ubuntu 8.3.0-6ubuntu1~18.10.1' --with-bugurl=file:///usr/share/doc/gcc-8/README.Bugs --enable-languages=c,ada,c++,go,brig,d,fortran,objc,obj-c++ --prefix=/usr --with-gcc-major-version-only --program-suffix=-8 --program-prefix=x86_64-linux-gnu- --enable-shared --enable-linker-build-id --libexecdir=/usr/lib --without-included-gettext --enable-threads=posix --libdir=/usr/lib --enable-nls --enable-bootstrap --enable-clocale=gnu --enable-libstdcxx-debug --enable-libstdcxx-time=yes --with-default-libstdcxx-abi=new --enable-gnu-unique-object --disable-vtable-verify --enable-libmpx --enable-plugin --enable-default-pie --with-system-zlib --with-target-system-zlib --enable-objc-gc=auto --enable-multiarch --disable-werror --with-arch-32=i686 --with-abi=m64 --with-multilib-list=m32,m64,mx32 --enable-multilib --with-tune=generic --enable-offload-targets=nvptx-none --without-cuda-driver --enable-checking=release --build=x86_64-linux-gnu --host=x86_64-linux-gnu --target=x86_64-linux-gnu
Thread model: posix
gcc version 8.3.0 (Ubuntu 8.3.0-6ubuntu1~18.10.1) 
configure:3285: $? = 0
configure:3274: gcc -V >&5
gcc: error: unrecognized command line option '-V'
gcc: fatal error: no input files
compilation terminated.
configure:3285: $? = 1
configure:3274: gcc -qversion >&5
gcc: error: unrecognized command line option '-qversion'; did you mean '--version'?
gcc: fatal error: no input files
compilation terminated.
configure:3285: $? = 1
configure:3305: checking whether the C compiler works
configure:3327: gcc    conftest.c  >&5
configure:3331: $? = 0
configure:3379: result: yes
configure:3382: checking for C compiler default output file name
configure:3384: result: a.out
configure:3390: checking for suffix of executables
configure:3397: gcc -o conftest    conftest.c  >&5
configure:3401: $? = 0
configure:3423: result: 
configure:3445: checking whether we are cross compiling
configure:3453: gcc -o conftest    conftest.c  >&5
configure:3457: $? = 0
configure:3464: ./conftest
configure:3468: $? = 0
configure:3483: result: no
configure:3488: checking for suffix of object files
configure:3510: gcc -c   conftest.c >&5
configure:3514: $? = 0
configure:3535: result: o
configure:3539: checking whether we are using the GNU C compiler
configure:3558: gcc -c   conftest.c >&5
configure:3558: $? = 0
configure:3567: result: yes
configure:3576: checking whether gcc accepts -g
configure:3596: gcc -c -g  conftest.c >&5
configure:3596: $? = 0
configure:3637: result: yes
configure:3654: checking for gcc option to accept ISO C89
configure:3717: gcc  -c -g -O2  conftest.c >&5
configure:3717: $? = 0
configure:3730: result: none needed
configure:3755: checking whether gcc understands -c and -o together
configure:3777: gcc -c conftest.c -o conftest2.o
configure:3780: $? = 0
configure:3777: gcc -c conftest.c -o conftest2.o
configure:3780: $? = 0
configure:3792: result: yes
configure:3812: checking whether make supports the include directive
configure:3827: make -f confmf.GNU && cat confinc.out
this is the am__doit target
configure:3830: $? = 0
configure:3849: result: yes (GNU style)
configure:3874: checking dependency style of gcc
configure:3985: result: gcc3
configure:4029: checking build system type
configure:4043: result: x86_64-pc-linux-gnu
configure:4063: checking host system type
configure:4076: result: x86_64-pc-linux-gnu
configure:4117: checking how to print strings
configure:4144: result: printf
configure:4165: checking for a sed that does not truncate output
configure:4229: result: /bin/sed
configure:4247: checking for grep that handles long lines and -e
configure:4305: result: /bin/grep
configure:4310: checking for egrep
configure:4372: result: /bin/grep -E
configure:4377: checking for fgrep
configure:4439: result: /bin/grep -F
configure:4474: checking for ld used by gcc
configure:4541: result: /usr/bin/ld
configure:4548: checking if the linker (/usr/bin/ld) is GNU ld
configure:4563: result: yes
configure:4575: checking for BSD- or MS-compatible name lister (nm)
configure:4629: result: /usr/bin/nm -B
configure:4759: checking the name lister (/usr/bin/nm -B) interface
configure:4766: gcc -c -g -O2  conftest.c >&5
configure:4769: /usr/bin/nm -B "conftest.o"
configure:4772: output
0000000000000000 B some_variable
configure:4779: result: BSD nm
configure:4782: checking whether ln -s works
configure:4786: result: yes
configure:4794: checking the maximum length of command line arguments
configure:4925: result: 1572864
configure:4973: checking how to convert x86_64-pc-linux-gnu file names to x86_64-pc-linux-gnu format
configure:5013: result: func_convert_file_noop
configure:5020: checking how to convert x86_64-pc-linux-gnu file names to toolchain format
configure:5040: result: func_convert_file_noop
configure:5047: checking for /usr/bin/ld option to reload object files
configure:5054: result: -r
configure:5128: checking for objdump
configure:5144: found /usr/bin/objdump
configure:5155: result: objdump
configure:5187: checking how to recognize dependent libraries
configure:5387: result: pass_all
configure:5472: checking for dlltool
configure:5502: result: no
configure:5532: checking how to associate runtime and link libraries
configure:5559: result: printf %s\n
configure:5620: checking for ar
configure:5636: found /usr/bin/ar
configure:5647: result: ar
configure:5684: checking for archiver @FILE support
configure:5701: gcc -c -g -O2  conftest.c >&5
configure:5701: $? = 0
configure:5704: ar cru libconftest.a @conftest.lst >&5
ar: `u' modifier ignored since `D' is the default (see `U')
configure:5707: $? = 0
configure:5712: ar cru libconftest.a @conftest.lst >&5
ar: `u' modifier ignored since `D' is the default (see `U')
ar: conftest.o: No such file or directory
configure:5715: $? = 1
configure:5727: result: @
configure:5785: checking for strip
configure:5801: found /usr/bin/strip
configure:5812: result: strip
configure:5884: checking for ranlib
configure:5900: found /usr/bin/ranlib
configure:5911: result: ranlib
configure:6013: checking command to parse /usr/bin/nm -B output from gcc object
configure:6166: gcc -c -g -O2  conftest.c >&5
configure:6169: $? = 0
configure:6173: /usr/bin/nm -B conftest.o \| sed -n -e 's/^.*[ ]\([ABCDGIRSTW][ABCDGIRSTW]*\)[ ][ ]*\([_A-Za-z][_A-Za-z0-9]*\)$/\1 \2 \2/p' | sed '/ __gnu_lto/d' \> conftest.nm
configure:6176: $? = 0
configure:6242: gcc -o conftest -g -O2   conftest.c conftstm.o >&5
configure:6245: $? = 0
configure:6283: result: ok
configure:6330: checking for sysroot
configure:6360: result: no
configure:6367: checking for a working dd
configure:6405: result: /bin/dd
configure:6409: checking how to truncate binary pipes
configure:6424: result: /bin/dd bs=4096 count=1
configure:6560: gcc -c -g -O2  conftest.c >&5
configure:6563: $? = 0
configure:6753: checking for mt
configure:6769: found /bin/mt
configure:6780: result: mt
configure:6803: checking if mt is a manifest tool
configure:6809: mt '-?'
configure:6817: result: no
configure:7494: checking how to run the C preprocessor
configure:7525: gcc -E  conftest.c
configure:7525: $? = 0
configure:7539: gcc -E  conftest.c
conftest.c:11:10: fatal error: ac_nonexistent.h: No such file or directory
 #include <ac_nonexistent.h>
          ^~~~~~~~~~~~~~~~~~
compilation terminated.
configure:7539: $? = 1
configure: failed program was:
| /* confdefs.h */
| #define PACKAGE_NAME "pfring-daq-module"
| #define PACKAGE_TARNAME "pfring-daq-module"
| #define PACKAGE_VERSION "0.1"
| #define PACKAGE_STRING "pfring-daq-module 0.1"
| #define PACKAGE_BUGREPORT "deri@ntop.org"
| #define PACKAGE_URL ""
| #define PACKAGE "daq"
| #define VERSION "0.1"
| /* end confdefs.h.  */
| #include <ac_nonexistent.h>
configure:7564: result: gcc -E
configure:7584: gcc -E  conftest.c
configure:7584: $? = 0
configure:7598: gcc -E  conftest.c
conftest.c:11:10: fatal error: ac_nonexistent.h: No such file or directory
 #include <ac_nonexistent.h>
          ^~~~~~~~~~~~~~~~~~
compilation terminated.
configure:7598: $? = 1
configure: failed program was:
| /* confdefs.h */
| #define PACKAGE_NAME "pfring-daq-module"
| #define PACKAGE_TARNAME "pfring-daq-module"
| #define PACKAGE_VERSION "0.1"
| #define PACKAGE_STRING "pfring-daq-module 0.1"
| #define PACKAGE_BUGREPORT "deri@ntop.org"
| #define PACKAGE_URL ""
| #define PACKAGE "daq"
| #define VERSION "0.1"
| /* end confdefs.h.  */
| #include <ac_nonexistent.h>
configure:7627: checking for ANSI C header files
configure:7647: gcc -c -g -O2  conftest.c >&5
configure:7647: $? = 0
configure:7720: gcc -o conftest -g -O2   conftest.c  >&5
configure:7720: $? = 0
configure:7720: ./conftest
configure:7720: $? = 0
configure:7731: result: yes
configure:7744: checking for sys/types.h
configure:7744: gcc -c -g -O2  conftest.c >&5
configure:7744: $? = 0
configure:7744: result: yes
configure:7744: checking for sys/stat.h
configure:7744: gcc -c -g -O2  conftest.c >&5
configure:7744: $? = 0
configure:7744: result: yes
configure:7744: checking for stdlib.h
configure:7744: gcc -c -g -O2  conftest.c >&5
configure:7744: $? = 0
configure:7744: result: yes
configure:7744: checking for string.h
configure:7744: gcc -c -g -O2  conftest.c >&5
configure:7744: $? = 0
configure:7744: result: yes
configure:7744: checking for memory.h
configure:7744: gcc -c -g -O2  conftest.c >&5
configure:7744: $? = 0
configure:7744: result: yes
configure:7744: checking for strings.h
configure:7744: gcc -c -g -O2  conftest.c >&5
configure:7744: $? = 0
configure:7744: result: yes
configure:7744: checking for inttypes.h
configure:7744: gcc -c -g -O2  conftest.c >&5
configure:7744: $? = 0
configure:7744: result: yes
configure:7744: checking for stdint.h
configure:7744: gcc -c -g -O2  conftest.c >&5
configure:7744: $? = 0
configure:7744: result: yes
configure:7744: checking for unistd.h
configure:7744: gcc -c -g -O2  conftest.c >&5
configure:7744: $? = 0
configure:7744: result: yes
configure:7758: checking for dlfcn.h
configure:7758: gcc -c -g -O2  conftest.c >&5
configure:7758: $? = 0
configure:7758: result: yes
configure:8014: checking for objdir
configure:8029: result: .libs
configure:8293: checking if gcc supports -fno-rtti -fno-exceptions
configure:8311: gcc -c -g -O2  -fno-rtti -fno-exceptions conftest.c >&5
cc1: warning: command line option '-fno-rtti' is valid for C++/ObjC++ but not for C
configure:8315: $? = 0
configure:8328: result: no
configure:8686: checking for gcc option to produce PIC
configure:8693: result: -fPIC -DPIC
configure:8701: checking if gcc PIC flag -fPIC -DPIC works
configure:8719: gcc -c -g -O2  -fPIC -DPIC -DPIC conftest.c >&5
configure:8723: $? = 0
configure:8736: result: yes
configure:8765: checking if gcc static flag -static works
configure:8793: result: yes
configure:8808: checking if gcc supports -c -o file.o
configure:8829: gcc -c -g -O2  -o out/conftest2.o conftest.c >&5
configure:8833: $? = 0
configure:8855: result: yes
configure:8863: checking if gcc supports -c -o file.o
configure:8910: result: yes
configure:8943: checking whether the gcc linker (/usr/bin/ld -m elf_x86_64) supports shared libraries
configure:10206: result: yes
configure:10243: checking whether -lc should be explicitly linked in
configure:10251: gcc -c -g -O2  conftest.c >&5
configure:10254: $? = 0
configure:10269: gcc -shared  -fPIC -DPIC conftest.o  -v -Wl,-soname -Wl,conftest -o conftest 2\>\&1 \| /bin/grep  -lc  \>/dev/null 2\>\&1
configure:10272: $? = 0
configure:10286: result: no
configure:10446: checking dynamic linker characteristics
configure:11027: gcc -o conftest -g -O2   -Wl,-rpath -Wl,/foo conftest.c  >&5
configure:11027: $? = 0
configure:11276: result: GNU/Linux ld.so
configure:11398: checking how to hardcode library paths into programs
configure:11423: result: immediate
configure:11971: checking whether stripping libraries is possible
configure:11976: result: yes
configure:12011: checking if libtool supports shared libraries
configure:12013: result: yes
configure:12016: checking whether to build shared libraries
configure:12041: result: yes
configure:12044: checking whether to build static libraries
configure:12048: result: yes
configure:12089: checking for visibility support
configure:12114: gcc -c -g -O2 -Werror -fvisibility=hidden  conftest.c >&5
configure:12114: $? = 0
configure:12123: result: yes
configure:12154: checking CFLAGS for gcc -Wall
configure:12181: gcc -c -g -O2 -fvisibility=hidden -pedantic -Werror  -Wall  conftest.c >&5
configure:12181: $? = 0
configure:12195: result: -Wall
configure:12207: : CFLAGS="$CFLAGS $ax_cv_cflags_gcc_option__Wall"
configure:12210: $? = 0
configure:12217: checking CFLAGS for gcc -Wwrite-strings
configure:12244: gcc -c -g -O2 -fvisibility=hidden -Wall -pedantic -Werror  -Wwrite-strings  conftest.c >&5
configure:12244: $? = 0
configure:12258: result: -Wwrite-strings
configure:12270: : CFLAGS="$CFLAGS $ax_cv_cflags_gcc_option__Wwrite_strings"
configure:12273: $? = 0
configure:12280: checking CFLAGS for gcc -Wsign-compare
configure:12307: gcc -c -g -O2 -fvisibility=hidden -Wall -Wwrite-strings -pedantic -Werror  -Wsign-compare  conftest.c >&5
configure:12307: $? = 0
configure:12321: result: -Wsign-compare
configure:12333: : CFLAGS="$CFLAGS $ax_cv_cflags_gcc_option__Wsign_compare"
configure:12336: $? = 0
configure:12343: checking CFLAGS for gcc -Wcast-align
configure:12370: gcc -c -g -O2 -fvisibility=hidden -Wall -Wwrite-strings -Wsign-compare -pedantic -Werror  -Wcast-align  conftest.c >&5
configure:12370: $? = 0
configure:12384: result: -Wcast-align
configure:12396: : CFLAGS="$CFLAGS $ax_cv_cflags_gcc_option__Wcast_align"
configure:12399: $? = 0
configure:12406: checking CFLAGS for gcc -Wextra
configure:12433: gcc -c -g -O2 -fvisibility=hidden -Wall -Wwrite-strings -Wsign-compare -Wcast-align -pedantic -Werror  -Wextra  conftest.c >&5
configure:12433: $? = 0
configure:12447: result: -Wextra
configure:12459: : CFLAGS="$CFLAGS $ax_cv_cflags_gcc_option__Wextra"
configure:12462: $? = 0
configure:12469: checking CFLAGS for gcc -Wformat
configure:12496: gcc -c -g -O2 -fvisibility=hidden -Wall -Wwrite-strings -Wsign-compare -Wcast-align -Wextra -pedantic -Werror  -Wformat  conftest.c >&5
configure:12496: $? = 0
configure:12510: result: -Wformat
configure:12522: : CFLAGS="$CFLAGS $ax_cv_cflags_gcc_option__Wformat"
configure:12525: $? = 0
configure:12532: checking CFLAGS for gcc -Wformat-security
configure:12559: gcc -c -g -O2 -fvisibility=hidden -Wall -Wwrite-strings -Wsign-compare -Wcast-align -Wextra -Wformat -pedantic -Werror  -Wformat-security  conftest.c >&5
configure:12559: $? = 0
configure:12573: result: -Wformat-security
configure:12585: : CFLAGS="$CFLAGS $ax_cv_cflags_gcc_option__Wformat_security"
configure:12588: $? = 0
configure:12595: checking CFLAGS for gcc -Wno-unused-parameter
configure:12622: gcc -c -g -O2 -fvisibility=hidden -Wall -Wwrite-strings -Wsign-compare -Wcast-align -Wextra -Wformat -Wformat-security -pedantic -Werror  -Wno-unused-parameter  conftest.c >&5
configure:12622: $? = 0
configure:12636: result: -Wno-unused-parameter
configure:12648: : CFLAGS="$CFLAGS $ax_cv_cflags_gcc_option__Wno_unused_parameter"
configure:12651: $? = 0
configure:12658: checking CFLAGS for gcc -fno-strict-aliasing
configure:12685: gcc -c -g -O2 -fvisibility=hidden -Wall -Wwrite-strings -Wsign-compare -Wcast-align -Wextra -Wformat -Wformat-security -Wno-unused-parameter -pedantic -Werror  -fno-strict-aliasing  conftest.c >&5
configure:12685: $? = 0
configure:12699: result: -fno-strict-aliasing
configure:12711: : CFLAGS="$CFLAGS $ax_cv_cflags_gcc_option__fno_strict_aliasing"
configure:12714: $? = 0
configure:12721: checking CFLAGS for gcc -fdiagnostics-show-option
configure:12748: gcc -c -g -O2 -fvisibility=hidden -Wall -Wwrite-strings -Wsign-compare -Wcast-align -Wextra -Wformat -Wformat-security -Wno-unused-parameter -fno-strict-aliasing -pedantic -Werror  -fdiagnostics-show-option  conftest.c >&5
configure:12748: $? = 0
configure:12762: result: -fdiagnostics-show-option
configure:12774: : CFLAGS="$CFLAGS $ax_cv_cflags_gcc_option__fdiagnostics_show_option"
configure:12777: $? = 0
configure:12784: checking CFLAGS for gcc -pedantic -std=c99 -D_GNU_SOURCE
configure:12811: gcc -c -g -O2 -fvisibility=hidden -Wall -Wwrite-strings -Wsign-compare -Wcast-align -Wextra -Wformat -Wformat-security -Wno-unused-parameter -fno-strict-aliasing -fdiagnostics-show-option -pedantic -Werror  -pedantic -std=c99 -D_GNU_SOURCE  conftest.c >&5
configure:12811: $? = 0
configure:12825: result: -pedantic -std=c99 -D_GNU_SOURCE
configure:12837: : CFLAGS="$CFLAGS $ax_cv_cflags_gcc_option__pedantic__std_c99__D_GNU_SOURCE"
configure:12840: $? = 0
configure:12865: checking daq_api.h usability
configure:12865: gcc -c -g -O2 -fvisibility=hidden -Wall -Wwrite-strings -Wsign-compare -Wcast-align -Wextra -Wformat -Wformat-security -Wno-unused-parameter -fno-strict-aliasing -fdiagnostics-show-option -pedantic -std=c99 -D_GNU_SOURCE  conftest.c >&5
configure:12865: $? = 0
configure:12865: result: yes
configure:12865: checking daq_api.h presence
configure:12865: gcc -E  conftest.c
configure:12865: $? = 0
configure:12865: result: yes
configure:12865: checking for daq_api.h
configure:12865: result: yes
configure:12901: checking sfbpf.h usability
configure:12901: gcc -c -g -O2 -fvisibility=hidden -Wall -Wwrite-strings -Wsign-compare -Wcast-align -Wextra -Wformat -Wformat-security -Wno-unused-parameter -fno-strict-aliasing -fdiagnostics-show-option -pedantic -std=c99 -D_GNU_SOURCE  conftest.c >&5
configure:12901: $? = 0
configure:12901: result: yes
configure:12901: checking sfbpf.h presence
configure:12901: gcc -E  conftest.c
configure:12901: $? = 0
configure:12901: result: yes
configure:12901: checking for sfbpf.h
configure:12901: result: yes
configure:12909: checking for sfbpf_compile in -lsfbpf
configure:12934: gcc -o conftest -g -O2 -fvisibility=hidden -Wall -Wwrite-strings -Wsign-compare -Wcast-align -Wextra -Wformat -Wformat-security -Wno-unused-parameter -fno-strict-aliasing -fdiagnostics-show-option -pedantic -std=c99 -D_GNU_SOURCE   conftest.c -lsfbpf   >&5
configure:12934: $? = 0
configure:12943: result: yes
configure:13003: checking for redisCommand in -lhiredis
configure:13028: gcc -o conftest -g -O2 -fvisibility=hidden -Wall -Wwrite-strings -Wsign-compare -Wcast-align -Wextra -Wformat -Wformat-security -Wno-unused-parameter -fno-strict-aliasing -fdiagnostics-show-option -pedantic -std=c99 -D_GNU_SOURCE   conftest.c -lhiredis  -lsfbpf  >&5
/usr/bin/ld: cannot find -lhiredis
collect2: error: ld returned 1 exit status
configure:13028: $? = 1
configure: failed program was:
| /* confdefs.h */
| #define PACKAGE_NAME "pfring-daq-module"
| #define PACKAGE_TARNAME "pfring-daq-module"
| #define PACKAGE_VERSION "0.1"
| #define PACKAGE_STRING "pfring-daq-module 0.1"
| #define PACKAGE_BUGREPORT "deri@ntop.org"
| #define PACKAGE_URL ""
| #define PACKAGE "daq"
| #define VERSION "0.1"
| #define STDC_HEADERS 1
| #define HAVE_SYS_TYPES_H 1
| #define HAVE_SYS_STAT_H 1
| #define HAVE_STDLIB_H 1
| #define HAVE_STRING_H 1
| #define HAVE_MEMORY_H 1
| #define HAVE_STRINGS_H 1
| #define HAVE_INTTYPES_H 1
| #define HAVE_STDINT_H 1
| #define HAVE_UNISTD_H 1
| #define HAVE_DLFCN_H 1
| #define LT_OBJDIR ".libs/"
| #define HAVE_VISIBILITY 1
| #define HAVE_LIBSFBPF 1
| /* end confdefs.h.  */
| 
| /* Override any GCC internal prototype to avoid an error.
|    Use char because int might match the return type of a GCC
|    builtin and then its argument prototype would still apply.  */
| #ifdef __cplusplus
| extern "C"
| #endif
| char redisCommand ();
| int
| main ()
| {
| return redisCommand ();
|   ;
|   return 0;
| }
configure:13037: result: no
configure:13054: checking pfring.h usability
configure:13054: gcc -c -g -O2 -fvisibility=hidden -Wall -Wwrite-strings -Wsign-compare -Wcast-align -Wextra -Wformat -Wformat-security -Wno-unused-parameter -fno-strict-aliasing -fdiagnostics-show-option -pedantic -std=c99 -D_GNU_SOURCE  conftest.c >&5
configure:13054: $? = 0
configure:13054: result: yes
configure:13054: checking pfring.h presence
configure:13054: gcc -E  conftest.c
configure:13054: $? = 0
configure:13054: result: yes
configure:13054: checking for pfring.h
configure:13054: result: yes
configure:13063: checking for pfring_open in -lpcap
configure:13088: gcc -o conftest -g -O2 -fvisibility=hidden -Wall -Wwrite-strings -Wsign-compare -Wcast-align -Wextra -Wformat -Wformat-security -Wno-unused-parameter -fno-strict-aliasing -fdiagnostics-show-option -pedantic -std=c99 -D_GNU_SOURCE   conftest.c -lpcap   -lsfbpf  >&5
/usr/bin/ld: /tmp/ccGI4Jmb.o: in function `main':
/home/mubbashir/PF_RING/userland/snort/pfring-daq-module/conftest.c:36: undefined reference to `pfring_open'
collect2: error: ld returned 1 exit status
configure:13088: $? = 1
configure: failed program was:
| /* confdefs.h */
| #define PACKAGE_NAME "pfring-daq-module"
| #define PACKAGE_TARNAME "pfring-daq-module"
| #define PACKAGE_VERSION "0.1"
| #define PACKAGE_STRING "pfring-daq-module 0.1"
| #define PACKAGE_BUGREPORT "deri@ntop.org"
| #define PACKAGE_URL ""
| #define PACKAGE "daq"
| #define VERSION "0.1"
| #define STDC_HEADERS 1
| #define HAVE_SYS_TYPES_H 1
| #define HAVE_SYS_STAT_H 1
| #define HAVE_STDLIB_H 1
| #define HAVE_STRING_H 1
| #define HAVE_MEMORY_H 1
| #define HAVE_STRINGS_H 1
| #define HAVE_INTTYPES_H 1
| #define HAVE_STDINT_H 1
| #define HAVE_UNISTD_H 1
| #define HAVE_DLFCN_H 1
| #define LT_OBJDIR ".libs/"
| #define HAVE_VISIBILITY 1
| #define HAVE_LIBSFBPF 1
| /* end confdefs.h.  */
| 
| /* Override any GCC internal prototype to avoid an error.
|    Use char because int might match the return type of a GCC
|    builtin and then its argument prototype would still apply.  */
| #ifdef __cplusplus
| extern "C"
| #endif
| char pfring_open ();
| int
| main ()
| {
| return pfring_open ();
|   ;
|   return 0;
| }
configure:13097: result: no
configure:13110: checking netinet/in.h usability
configure:13110: gcc -c -g -O2 -fvisibility=hidden -Wall -Wwrite-strings -Wsign-compare -Wcast-align -Wextra -Wformat -Wformat-security -Wno-unused-parameter -fno-strict-aliasing -fdiagnostics-show-option -pedantic -std=c99 -D_GNU_SOURCE  conftest.c >&5
configure:13110: $? = 0
configure:13110: result: yes
configure:13110: checking netinet/in.h presence
configure:13110: gcc -E  conftest.c
configure:13110: $? = 0
configure:13110: result: yes
configure:13110: checking for netinet/in.h
configure:13110: result: yes
configure:13110: checking for stdint.h
configure:13110: result: yes
configure:13110: checking for stdlib.h
configure:13110: result: yes
configure:13110: checking for string.h
configure:13110: result: yes
configure:13122: checking for size_t
configure:13122: gcc -c -g -O2 -fvisibility=hidden -Wall -Wwrite-strings -Wsign-compare -Wcast-align -Wextra -Wformat -Wformat-security -Wno-unused-parameter -fno-strict-aliasing -fdiagnostics-show-option -pedantic -std=c99 -D_GNU_SOURCE  conftest.c >&5
configure:13122: $? = 0
configure:13122: gcc -c -g -O2 -fvisibility=hidden -Wall -Wwrite-strings -Wsign-compare -Wcast-align -Wextra -Wformat -Wformat-security -Wno-unused-parameter -fno-strict-aliasing -fdiagnostics-show-option -pedantic -std=c99 -D_GNU_SOURCE  conftest.c >&5
conftest.c: In function 'main':
conftest.c:65:21: error: expected expression before ')' token
 if (sizeof ((size_t)))
                     ^
configure:13122: $? = 1
configure: failed program was:
| /* confdefs.h */
| #define PACKAGE_NAME "pfring-daq-module"
| #define PACKAGE_TARNAME "pfring-daq-module"
| #define PACKAGE_VERSION "0.1"
| #define PACKAGE_STRING "pfring-daq-module 0.1"
| #define PACKAGE_BUGREPORT "deri@ntop.org"
| #define PACKAGE_URL ""
| #define PACKAGE "daq"
| #define VERSION "0.1"
| #define STDC_HEADERS 1
| #define HAVE_SYS_TYPES_H 1
| #define HAVE_SYS_STAT_H 1
| #define HAVE_STDLIB_H 1
| #define HAVE_STRING_H 1
| #define HAVE_MEMORY_H 1
| #define HAVE_STRINGS_H 1
| #define HAVE_INTTYPES_H 1
| #define HAVE_STDINT_H 1
| #define HAVE_UNISTD_H 1
| #define HAVE_DLFCN_H 1
| #define LT_OBJDIR ".libs/"
| #define HAVE_VISIBILITY 1
| #define HAVE_LIBSFBPF 1
| #define HAVE_NETINET_IN_H 1
| #define HAVE_STDINT_H 1
| #define HAVE_STDLIB_H 1
| #define HAVE_STRING_H 1
| /* end confdefs.h.  */
| #include <stdio.h>
| #ifdef HAVE_SYS_TYPES_H
| # include <sys/types.h>
| #endif
| #ifdef HAVE_SYS_STAT_H
| # include <sys/stat.h>
| #endif
| #ifdef STDC_HEADERS
| # include <stdlib.h>
| # include <stddef.h>
| #else
| # ifdef HAVE_STDLIB_H
| #  include <stdlib.h>
| # endif
| #endif
| #ifdef HAVE_STRING_H
| # if !defined STDC_HEADERS && defined HAVE_MEMORY_H
| #  include <memory.h>
| # endif
| # include <string.h>
| #endif
| #ifdef HAVE_STRINGS_H
| # include <strings.h>
| #endif
| #ifdef HAVE_INTTYPES_H
| # include <inttypes.h>
| #endif
| #ifdef HAVE_STDINT_H
| # include <stdint.h>
| #endif
| #ifdef HAVE_UNISTD_H
| # include <unistd.h>
| #endif
| int
| main ()
| {
| if (sizeof ((size_t)))
| 	    return 0;
|   ;
|   return 0;
| }
configure:13122: result: yes
configure:13133: checking for uint32_t
configure:13133: gcc -c -g -O2 -fvisibility=hidden -Wall -Wwrite-strings -Wsign-compare -Wcast-align -Wextra -Wformat -Wformat-security -Wno-unused-parameter -fno-strict-aliasing -fdiagnostics-show-option -pedantic -std=c99 -D_GNU_SOURCE  conftest.c >&5
configure:13133: $? = 0
configure:13133: result: yes
configure:13147: checking for uint8_t
configure:13147: gcc -c -g -O2 -fvisibility=hidden -Wall -Wwrite-strings -Wsign-compare -Wcast-align -Wextra -Wformat -Wformat-security -Wno-unused-parameter -fno-strict-aliasing -fdiagnostics-show-option -pedantic -std=c99 -D_GNU_SOURCE  conftest.c >&5
configure:13147: $? = 0
configure:13147: result: yes
configure:13167: checking for memset
configure:13167: gcc -o conftest -g -O2 -fvisibility=hidden -Wall -Wwrite-strings -Wsign-compare -Wcast-align -Wextra -Wformat -Wformat-security -Wno-unused-parameter -fno-strict-aliasing -fdiagnostics-show-option -pedantic -std=c99 -D_GNU_SOURCE   -lpfring conftest.c -lsfbpf  >&5
conftest.c:52:6: warning: conflicting types for built-in function 'memset' [-Wbuiltin-declaration-mismatch]
 char memset ();
      ^~~~~~
configure:13167: $? = 0
configure:13167: result: yes
configure:13167: checking for strchr
configure:13167: gcc -o conftest -g -O2 -fvisibility=hidden -Wall -Wwrite-strings -Wsign-compare -Wcast-align -Wextra -Wformat -Wformat-security -Wno-unused-parameter -fno-strict-aliasing -fdiagnostics-show-option -pedantic -std=c99 -D_GNU_SOURCE   -lpfring conftest.c -lsfbpf  >&5
conftest.c:53:6: warning: conflicting types for built-in function 'strchr' [-Wbuiltin-declaration-mismatch]
 char strchr ();
      ^~~~~~
configure:13167: $? = 0
configure:13167: result: yes
configure:13167: checking for strdup
configure:13167: gcc -o conftest -g -O2 -fvisibility=hidden -Wall -Wwrite-strings -Wsign-compare -Wcast-align -Wextra -Wformat -Wformat-security -Wno-unused-parameter -fno-strict-aliasing -fdiagnostics-show-option -pedantic -std=c99 -D_GNU_SOURCE   -lpfring conftest.c -lsfbpf  >&5
configure:13167: $? = 0
configure:13167: result: yes
configure:13167: checking for strerror
configure:13167: gcc -o conftest -g -O2 -fvisibility=hidden -Wall -Wwrite-strings -Wsign-compare -Wcast-align -Wextra -Wformat -Wformat-security -Wno-unused-parameter -fno-strict-aliasing -fdiagnostics-show-option -pedantic -std=c99 -D_GNU_SOURCE   -lpfring conftest.c -lsfbpf  >&5
configure:13167: $? = 0
configure:13167: result: yes
configure:13167: checking for strtol
configure:13167: gcc -o conftest -g -O2 -fvisibility=hidden -Wall -Wwrite-strings -Wsign-compare -Wcast-align -Wextra -Wformat -Wformat-security -Wno-unused-parameter -fno-strict-aliasing -fdiagnostics-show-option -pedantic -std=c99 -D_GNU_SOURCE   -lpfring conftest.c -lsfbpf  >&5
configure:13167: $? = 0
configure:13167: result: yes
configure:13291: checking that generated files are newer than configure
configure:13297: result: done
configure:13320: creating ./config.status

## ---------------------- ##
## Running config.status. ##
## ---------------------- ##

This file was extended by pfring-daq-module config.status 0.1, which was
generated by GNU Autoconf 2.69.  Invocation command line was

  CONFIG_FILES    = 
  CONFIG_HEADERS  = 
  CONFIG_LINKS    = 
  CONFIG_COMMANDS = 
  $ ./config.status 

on mubbashir

config.status:1096: creating Makefile
config.status:1096: creating config.h
config.status:1325: executing depfiles commands
config.status:1402: cd .       && sed -e '/# am--include-marker/d' Makefile         | make -f - am--depfiles
config.status:1407: $? = 0
config.status:1325: executing libtool commands

## ---------------- ##
## Cache variables. ##
## ---------------- ##

ac_cv_build=x86_64-pc-linux-gnu
ac_cv_c_compiler_gnu=yes
ac_cv_c_uint32_t=yes
ac_cv_c_uint8_t=yes
ac_cv_env_CC_set=
ac_cv_env_CC_value=
ac_cv_env_CFLAGS_set=
ac_cv_env_CFLAGS_value=
ac_cv_env_CPPFLAGS_set=
ac_cv_env_CPPFLAGS_value=
ac_cv_env_CPP_set=
ac_cv_env_CPP_value=
ac_cv_env_LDFLAGS_set=
ac_cv_env_LDFLAGS_value=
ac_cv_env_LIBS_set=
ac_cv_env_LIBS_value=
ac_cv_env_LT_SYS_LIBRARY_PATH_set=
ac_cv_env_LT_SYS_LIBRARY_PATH_value=
ac_cv_env_build_alias_set=
ac_cv_env_build_alias_value=
ac_cv_env_host_alias_set=
ac_cv_env_host_alias_value=
ac_cv_env_target_alias_set=
ac_cv_env_target_alias_value=
ac_cv_func_memset=yes
ac_cv_func_strchr=yes
ac_cv_func_strdup=yes
ac_cv_func_strerror=yes
ac_cv_func_strtol=yes
ac_cv_header_daq_api_h=yes
ac_cv_header_dlfcn_h=yes
ac_cv_header_inttypes_h=yes
ac_cv_header_memory_h=yes
ac_cv_header_netinet_in_h=yes
ac_cv_header_pfring_h=yes
ac_cv_header_sfbpf_h=yes
ac_cv_header_stdc=yes
ac_cv_header_stdint_h=yes
ac_cv_header_stdlib_h=yes
ac_cv_header_string_h=yes
ac_cv_header_strings_h=yes
ac_cv_header_sys_stat_h=yes
ac_cv_header_sys_types_h=yes
ac_cv_header_unistd_h=yes
ac_cv_host=x86_64-pc-linux-gnu
ac_cv_lib_hiredis_redisCommand=no
ac_cv_lib_pcap_pfring_open=no
ac_cv_lib_sfbpf_sfbpf_compile=yes
ac_cv_objext=o
ac_cv_path_EGREP='/bin/grep -E'
ac_cv_path_FGREP='/bin/grep -F'
ac_cv_path_GREP=/bin/grep
ac_cv_path_SED=/bin/sed
ac_cv_path_install='/usr/bin/install -c'
ac_cv_path_lt_DD=/bin/dd
ac_cv_path_mkdir=/bin/mkdir
ac_cv_prog_AWK=mawk
ac_cv_prog_CPP='gcc -E'
ac_cv_prog_ac_ct_AR=ar
ac_cv_prog_ac_ct_CC=gcc
ac_cv_prog_ac_ct_MANIFEST_TOOL=mt
ac_cv_prog_ac_ct_OBJDUMP=objdump
ac_cv_prog_ac_ct_RANLIB=ranlib
ac_cv_prog_ac_ct_STRIP=strip
ac_cv_prog_cc_c89=
ac_cv_prog_cc_g=yes
ac_cv_prog_make_make_set=yes
ac_cv_type_size_t=yes
am_cv_CC_dependencies_compiler_type=gcc3
am_cv_make_support_nested_variables=yes
am_cv_prog_cc_c_o=yes
ax_cv_cflags_gcc_option__Wall=-Wall
ax_cv_cflags_gcc_option__Wcast_align=-Wcast-align
ax_cv_cflags_gcc_option__Wextra=-Wextra
ax_cv_cflags_gcc_option__Wformat=-Wformat
ax_cv_cflags_gcc_option__Wformat_security=-Wformat-security
ax_cv_cflags_gcc_option__Wno_unused_parameter=-Wno-unused-parameter
ax_cv_cflags_gcc_option__Wsign_compare=-Wsign-compare
ax_cv_cflags_gcc_option__Wwrite_strings=-Wwrite-strings
ax_cv_cflags_gcc_option__fdiagnostics_show_option=-fdiagnostics-show-option
ax_cv_cflags_gcc_option__fno_strict_aliasing=-fno-strict-aliasing
ax_cv_cflags_gcc_option__pedantic__std_c99__D_GNU_SOURCE='-pedantic -std=c99 -D_GNU_SOURCE'
gl_cv_cc_visibility=yes
lt_cv_ar_at_file=@
lt_cv_archive_cmds_need_lc=no
lt_cv_deplibs_check_method=pass_all
lt_cv_file_magic_cmd='$MAGIC_CMD'
lt_cv_file_magic_test_file=
lt_cv_ld_reload_flag=-r
lt_cv_nm_interface='BSD nm'
lt_cv_objdir=.libs
lt_cv_path_LD=/usr/bin/ld
lt_cv_path_NM='/usr/bin/nm -B'
lt_cv_path_mainfest_tool=no
lt_cv_prog_compiler_c_o=yes
lt_cv_prog_compiler_pic='-fPIC -DPIC'
lt_cv_prog_compiler_pic_works=yes
lt_cv_prog_compiler_rtti_exceptions=no
lt_cv_prog_compiler_static_works=yes
lt_cv_prog_gnu_ld=yes
lt_cv_sharedlib_from_linklib_cmd='printf %s\n'
lt_cv_shlibpath_overrides_runpath=yes
lt_cv_sys_global_symbol_pipe='sed -n -e '\''s/^.*[	 ]\([ABCDGIRSTW][ABCDGIRSTW]*\)[	 ][	 ]*\([_A-Za-z][_A-Za-z0-9]*\)$/\1 \2 \2/p'\'' | sed '\''/ __gnu_lto/d'\'''
lt_cv_sys_global_symbol_to_c_name_address='sed -n -e '\''s/^: \(.*\) .*$/  {"\1", (void *) 0},/p'\'' -e '\''s/^[ABCDGIRSTW][ABCDGIRSTW]* .* \(.*\)$/  {"\1", (void *) \&\1},/p'\'''
lt_cv_sys_global_symbol_to_c_name_address_lib_prefix='sed -n -e '\''s/^: \(.*\) .*$/  {"\1", (void *) 0},/p'\'' -e '\''s/^[ABCDGIRSTW][ABCDGIRSTW]* .* \(lib.*\)$/  {"\1", (void *) \&\1},/p'\'' -e '\''s/^[ABCDGIRSTW][ABCDGIRSTW]* .* \(.*\)$/  {"lib\1", (void *) \&\1},/p'\'''
lt_cv_sys_global_symbol_to_cdecl='sed -n -e '\''s/^T .* \(.*\)$/extern int \1();/p'\'' -e '\''s/^[ABCDGIRSTW][ABCDGIRSTW]* .* \(.*\)$/extern char \1;/p'\'''
lt_cv_sys_global_symbol_to_import=
lt_cv_sys_max_cmd_len=1572864
lt_cv_to_host_file_cmd=func_convert_file_noop
lt_cv_to_tool_file_cmd=func_convert_file_noop
lt_cv_truncate_bin='/bin/dd bs=4096 count=1'

## ----------------- ##
## Output variables. ##
## ----------------- ##

ACLOCAL='${SHELL} /home/mubbashir/PF_RING/userland/snort/pfring-daq-module/missing aclocal-1.16'
AMDEPBACKSLASH='\'
AMDEP_FALSE='#'
AMDEP_TRUE=''
AMTAR='$${TAR-tar}'
AM_BACKSLASH='\'
AM_DEFAULT_V='$(AM_DEFAULT_VERBOSITY)'
AM_DEFAULT_VERBOSITY='1'
AM_V='$(V)'
AR='ar'
AUTOCONF='${SHELL} /home/mubbashir/PF_RING/userland/snort/pfring-daq-module/missing autoconf'
AUTOHEADER='${SHELL} /home/mubbashir/PF_RING/userland/snort/pfring-daq-module/missing autoheader'
AUTOMAKE='${SHELL} /home/mubbashir/PF_RING/userland/snort/pfring-daq-module/missing automake-1.16'
AWK='mawk'
CC='gcc'
CCDEPMODE='depmode=gcc3'
CFLAGS='-g -O2 -fvisibility=hidden -Wall -Wwrite-strings -Wsign-compare -Wcast-align -Wextra -Wformat -Wformat-security -Wno-unused-parameter -fno-strict-aliasing -fdiagnostics-show-option -pedantic -std=c99 -D_GNU_SOURCE'
CPP='gcc -E'
CPPFLAGS=''
CYGPATH_W='echo'
DEFS='-DHAVE_CONFIG_H'
DEPDIR='.deps'
DLLTOOL='false'
DSYMUTIL=''
DUMPBIN=''
ECHO_C=''
ECHO_N='-n'
ECHO_T=''
EGREP='/bin/grep -E'
EXEEXT=''
FGREP='/bin/grep -F'
GREP='/bin/grep'
INSTALL_DATA='${INSTALL} -m 644'
INSTALL_PROGRAM='${INSTALL}'
INSTALL_SCRIPT='${INSTALL}'
INSTALL_STRIP_PROGRAM='$(install_sh) -c -s'
LD='/usr/bin/ld -m elf_x86_64'
LDFLAGS=' -lpfring'
LIBOBJS=''
LIBS='-lsfbpf '
LIBTOOL='$(SHELL) $(top_builddir)/libtool'
LIPO=''
LN_S='ln -s'
LTLIBOBJS=''
LT_SYS_LIBRARY_PATH=''
MAKEINFO='${SHELL} /home/mubbashir/PF_RING/userland/snort/pfring-daq-module/missing makeinfo'
MANIFEST_TOOL=':'
MKDIR_P='/bin/mkdir -p'
NM='/usr/bin/nm -B'
NMEDIT=''
OBJDUMP='objdump'
OBJEXT='o'
OTOOL64=''
OTOOL=''
PACKAGE='daq'
PACKAGE_BUGREPORT='deri@ntop.org'
PACKAGE_NAME='pfring-daq-module'
PACKAGE_STRING='pfring-daq-module 0.1'
PACKAGE_TARNAME='pfring-daq-module'
PACKAGE_URL=''
PACKAGE_VERSION='0.1'
PATH_SEPARATOR=':'
RANLIB='ranlib'
SED='/bin/sed'
SET_MAKE=''
SHELL='/bin/bash'
STRIP='strip'
VERSION='0.1'
ac_ct_AR='ar'
ac_ct_CC='gcc'
ac_ct_DUMPBIN=''
am__EXEEXT_FALSE=''
am__EXEEXT_TRUE='#'
am__fastdepCC_FALSE='#'
am__fastdepCC_TRUE=''
am__include='include'
am__isrc=''
am__leading_dot='.'
am__nodep='_no'
am__quote=''
am__tar='$${TAR-tar} chof - "$$tardir"'
am__untar='$${TAR-tar} xf -'
bindir='${exec_prefix}/bin'
build='x86_64-pc-linux-gnu'
build_alias=''
build_cpu='x86_64'
build_os='linux-gnu'
build_vendor='pc'
datadir='${datarootdir}'
datarootdir='${prefix}/share'
docdir='${datarootdir}/doc/${PACKAGE_TARNAME}'
dvidir='${docdir}'
exec_prefix='${prefix}'
host='x86_64-pc-linux-gnu'
host_alias=''
host_cpu='x86_64'
host_os='linux-gnu'
host_vendor='pc'
htmldir='${docdir}'
includedir='${prefix}/include'
infodir='${datarootdir}/info'
install_sh='${SHELL} /home/mubbashir/PF_RING/userland/snort/pfring-daq-module/install-sh'
libdir='${exec_prefix}/lib'
libexecdir='${exec_prefix}/libexec'
localedir='${datarootdir}/locale'
localstatedir='${prefix}/var'
mandir='${datarootdir}/man'
mkdir_p='$(MKDIR_P)'
oldincludedir='/usr/include'
pdfdir='${docdir}'
prefix='/usr/local'
program_transform_name='s,x,x,'
psdir='${docdir}'
runstatedir='${localstatedir}/run'
sbindir='${exec_prefix}/sbin'
sharedstatedir='${prefix}/com'
sysconfdir='${prefix}/etc'
target_alias=''

## ----------- ##
## confdefs.h. ##
## ----------- ##

/* confdefs.h */
#define PACKAGE_NAME "pfring-daq-module"
#define PACKAGE_TARNAME "pfring-daq-module"
#define PACKAGE_VERSION "0.1"
#define PACKAGE_STRING "pfring-daq-module 0.1"
#define PACKAGE_BUGREPORT "deri@ntop.org"
#define PACKAGE_URL ""
#define PACKAGE "daq"
#define VERSION "0.1"
#define STDC_HEADERS 1
#define HAVE_SYS_TYPES_H 1
#define HAVE_SYS_STAT_H 1
#define HAVE_STDLIB_H 1
#define HAVE_STRING_H 1
#define HAVE_MEMORY_H 1
#define HAVE_STRINGS_H 1
#define HAVE_INTTYPES_H 1
#define HAVE_STDINT_H 1
#define HAVE_UNISTD_H 1
#define HAVE_DLFCN_H 1
#define LT_OBJDIR ".libs/"
#define HAVE_VISIBILITY 1
#define HAVE_LIBSFBPF 1
#define HAVE_NETINET_IN_H 1
#define HAVE_STDINT_H 1
#define HAVE_STDLIB_H 1
#define HAVE_STRING_H 1
#define HAVE_MEMSET 1
#define HAVE_STRCHR 1
#define HAVE_STRDUP 1
#define HAVE_STRERROR 1
#define HAVE_STRTOL 1

configure: exit 0
