This file contains any messages produced by compilers while
running configure, to aid debugging if configure makes a mistake.

It was created by pfring configure 1.0, which was
generated by GNU Autoconf 2.69.  Invocation command line was

  $ ./configure 

## --------- ##
## Platform. ##
## --------- ##

hostname = mubbashir
uname -m = x86_64
uname -r = 4.18.0-25-generic
uname -s = Linux
uname -v = #26-Ubuntu SMP Mon Jun 24 09:32:08 UTC 2019

/usr/bin/uname -p = unknown
/bin/uname -X     = unknown

/bin/arch              = unknown
/usr/bin/arch -k       = unknown
/usr/convex/getsysinfo = unknown
/usr/bin/hostinfo      = unknown
/bin/machine           = unknown
/usr/bin/oslevel       = unknown
/bin/universe          = unknown

PATH: /usr/local/sbin
PATH: /usr/local/bin
PATH: /usr/sbin
PATH: /usr/bin
PATH: /sbin
PATH: /bin
PATH: /usr/games
PATH: /usr/local/games


## ----------- ##
## Core tests. ##
## ----------- ##

configure:2155: checking for gcc
configure:2171: found /usr/bin/gcc
configure:2182: result: gcc
configure:2411: checking for C compiler version
configure:2420: gcc --version >&5
gcc (Ubuntu 8.3.0-6ubuntu1~18.10.1) 8.3.0
Copyright (C) 2018 Free Software Foundation, Inc.
This is free software; see the source for copying conditions.  There is NO
warranty; not even for MERCHANTABILITY or FITNESS FOR A PARTICULAR PURPOSE.

configure:2431: $? = 0
configure:2420: gcc -v >&5
Using built-in specs.
COLLECT_GCC=gcc
COLLECT_LTO_WRAPPER=/usr/lib/gcc/x86_64-linux-gnu/8/lto-wrapper
OFFLOAD_TARGET_NAMES=nvptx-none
OFFLOAD_TARGET_DEFAULT=1
Target: x86_64-linux-gnu
Configured with: ../src/configure -v --with-pkgversion='Ubuntu 8.3.0-6ubuntu1~18.10.1' --with-bugurl=file:///usr/share/doc/gcc-8/README.Bugs --enable-languages=c,ada,c++,go,brig,d,fortran,objc,obj-c++ --prefix=/usr --with-gcc-major-version-only --program-suffix=-8 --program-prefix=x86_64-linux-gnu- --enable-shared --enable-linker-build-id --libexecdir=/usr/lib --without-included-gettext --enable-threads=posix --libdir=/usr/lib --enable-nls --enable-bootstrap --enable-clocale=gnu --enable-libstdcxx-debug --enable-libstdcxx-time=yes --with-default-libstdcxx-abi=new --enable-gnu-unique-object --disable-vtable-verify --enable-libmpx --enable-plugin --enable-default-pie --with-system-zlib --with-target-system-zlib --enable-objc-gc=auto --enable-multiarch --disable-werror --with-arch-32=i686 --with-abi=m64 --with-multilib-list=m32,m64,mx32 --enable-multilib --with-tune=generic --enable-offload-targets=nvptx-none --without-cuda-driver --enable-checking=release --build=x86_64-linux-gnu --host=x86_64-linux-gnu --target=x86_64-linux-gnu
Thread model: posix
gcc version 8.3.0 (Ubuntu 8.3.0-6ubuntu1~18.10.1) 
configure:2431: $? = 0
configure:2420: gcc -V >&5
gcc: error: unrecognized command line option '-V'
gcc: fatal error: no input files
compilation terminated.
configure:2431: $? = 1
configure:2420: gcc -qversion >&5
gcc: error: unrecognized command line option '-qversion'; did you mean '--version'?
gcc: fatal error: no input files
compilation terminated.
configure:2431: $? = 1
configure:2451: checking whether the C compiler works
configure:2473: gcc    conftest.c  >&5
configure:2477: $? = 0
configure:2525: result: yes
configure:2528: checking for C compiler default output file name
configure:2530: result: a.out
configure:2536: checking for suffix of executables
configure:2543: gcc -o conftest    conftest.c  >&5
configure:2547: $? = 0
configure:2569: result: 
configure:2591: checking whether we are cross compiling
configure:2599: gcc -o conftest    conftest.c  >&5
configure:2603: $? = 0
configure:2610: ./conftest
configure:2614: $? = 0
configure:2629: result: no
configure:2634: checking for suffix of object files
configure:2656: gcc -c   conftest.c >&5
configure:2660: $? = 0
configure:2681: result: o
configure:2685: checking whether we are using the GNU C compiler
configure:2704: gcc -c   conftest.c >&5
configure:2704: $? = 0
configure:2713: result: yes
configure:2722: checking whether gcc accepts -g
configure:2742: gcc -c -g  conftest.c >&5
configure:2742: $? = 0
configure:2783: result: yes
configure:2800: checking for gcc option to accept ISO C89
configure:2863: gcc  -c -g -O2  conftest.c >&5
configure:2863: $? = 0
configure:2876: result: none needed
configure:2905: checking how to run the C preprocessor
configure:2936: gcc -E  conftest.c
configure:2936: $? = 0
configure:2950: gcc -E  conftest.c
conftest.c:9:10: fatal error: ac_nonexistent.h: No such file or directory
 #include <ac_nonexistent.h>
          ^~~~~~~~~~~~~~~~~~
compilation terminated.
configure:2950: $? = 1
configure: failed program was:
| /* confdefs.h */
| #define PACKAGE_NAME "pfring"
| #define PACKAGE_TARNAME "pfring"
| #define PACKAGE_VERSION "1.0"
| #define PACKAGE_STRING "pfring 1.0"
| #define PACKAGE_BUGREPORT ""
| #define PACKAGE_URL ""
| /* end confdefs.h.  */
| #include <ac_nonexistent.h>
configure:2975: result: gcc -E
configure:2995: gcc -E  conftest.c
configure:2995: $? = 0
configure:3009: gcc -E  conftest.c
conftest.c:9:10: fatal error: ac_nonexistent.h: No such file or directory
 #include <ac_nonexistent.h>
          ^~~~~~~~~~~~~~~~~~
compilation terminated.
configure:3009: $? = 1
configure: failed program was:
| /* confdefs.h */
| #define PACKAGE_NAME "pfring"
| #define PACKAGE_TARNAME "pfring"
| #define PACKAGE_VERSION "1.0"
| #define PACKAGE_STRING "pfring 1.0"
| #define PACKAGE_BUGREPORT ""
| #define PACKAGE_URL ""
| /* end confdefs.h.  */
| #include <ac_nonexistent.h>
configure:3038: checking for grep that handles long lines and -e
configure:3096: result: /bin/grep
configure:3101: checking for egrep
configure:3163: result: /bin/grep -E
configure:3168: checking for ANSI C header files
configure:3188: gcc -c -g -O2  conftest.c >&5
configure:3188: $? = 0
configure:3261: gcc -o conftest -g -O2   conftest.c  >&5
configure:3261: $? = 0
configure:3261: ./conftest
configure:3261: $? = 0
configure:3272: result: yes
configure:3285: checking for sys/types.h
configure:3285: gcc -c -g -O2  conftest.c >&5
configure:3285: $? = 0
configure:3285: result: yes
configure:3285: checking for sys/stat.h
configure:3285: gcc -c -g -O2  conftest.c >&5
configure:3285: $? = 0
configure:3285: result: yes
configure:3285: checking for stdlib.h
configure:3285: gcc -c -g -O2  conftest.c >&5
configure:3285: $? = 0
configure:3285: result: yes
configure:3285: checking for string.h
configure:3285: gcc -c -g -O2  conftest.c >&5
configure:3285: $? = 0
configure:3285: result: yes
configure:3285: checking for memory.h
configure:3285: gcc -c -g -O2  conftest.c >&5
configure:3285: $? = 0
configure:3285: result: yes
configure:3285: checking for strings.h
configure:3285: gcc -c -g -O2  conftest.c >&5
configure:3285: $? = 0
configure:3285: result: yes
configure:3285: checking for inttypes.h
configure:3285: gcc -c -g -O2  conftest.c >&5
configure:3285: $? = 0
configure:3285: result: yes
configure:3285: checking for stdint.h
configure:3285: gcc -c -g -O2  conftest.c >&5
configure:3285: $? = 0
configure:3285: result: yes
configure:3285: checking for unistd.h
configure:3285: gcc -c -g -O2  conftest.c >&5
configure:3285: $? = 0
configure:3285: result: yes
configure:3300: checking linux/net_tstamp.h usability
configure:3300: gcc -c -g -O2  conftest.c >&5
configure:3300: $? = 0
configure:3300: result: yes
configure:3300: checking linux/net_tstamp.h presence
configure:3300: gcc -E  conftest.c
configure:3300: $? = 0
configure:3300: result: yes
configure:3300: checking for linux/net_tstamp.h
configure:3300: result: yes
configure:3300: checking librdi.h usability
configure:3300: gcc -c -g -O2  conftest.c >&5
conftest.c:53:10: fatal error: librdi.h: No such file or directory
 #include <librdi.h>
          ^~~~~~~~~~
compilation terminated.
configure:3300: $? = 1
configure: failed program was:
| /* confdefs.h */
| #define PACKAGE_NAME "pfring"
| #define PACKAGE_TARNAME "pfring"
| #define PACKAGE_VERSION "1.0"
| #define PACKAGE_STRING "pfring 1.0"
| #define PACKAGE_BUGREPORT ""
| #define PACKAGE_URL ""
| #define STDC_HEADERS 1
| #define HAVE_SYS_TYPES_H 1
| #define HAVE_SYS_STAT_H 1
| #define HAVE_STDLIB_H 1
| #define HAVE_STRING_H 1
| #define HAVE_MEMORY_H 1
| #define HAVE_STRINGS_H 1
| #define HAVE_INTTYPES_H 1
| #define HAVE_STDINT_H 1
| #define HAVE_UNISTD_H 1
| #define HAVE_LINUX_NET_TSTAMP_H 1
| /* end confdefs.h.  */
| #include <stdio.h>
| #ifdef HAVE_SYS_TYPES_H
| # include <sys/types.h>
| #endif
| #ifdef HAVE_SYS_STAT_H
| # include <sys/stat.h>
| #endif
| #ifdef STDC_HEADERS
| # include <stdlib.h>
| # include <stddef.h>
| #else
| # ifdef HAVE_STDLIB_H
| #  include <stdlib.h>
| # endif
| #endif
| #ifdef HAVE_STRING_H
| # if !defined STDC_HEADERS && defined HAVE_MEMORY_H
| #  include <memory.h>
| # endif
| # include <string.h>
| #endif
| #ifdef HAVE_STRINGS_H
| # include <strings.h>
| #endif
| #ifdef HAVE_INTTYPES_H
| # include <inttypes.h>
| #endif
| #ifdef HAVE_STDINT_H
| # include <stdint.h>
| #endif
| #ifdef HAVE_UNISTD_H
| # include <unistd.h>
| #endif
| #include <librdi.h>
configure:3300: result: no
configure:3300: checking librdi.h presence
configure:3300: gcc -E  conftest.c
conftest.c:20:10: fatal error: librdi.h: No such file or directory
 #include <librdi.h>
          ^~~~~~~~~~
compilation terminated.
configure:3300: $? = 1
configure: failed program was:
| /* confdefs.h */
| #define PACKAGE_NAME "pfring"
| #define PACKAGE_TARNAME "pfring"
| #define PACKAGE_VERSION "1.0"
| #define PACKAGE_STRING "pfring 1.0"
| #define PACKAGE_BUGREPORT ""
| #define PACKAGE_URL ""
| #define STDC_HEADERS 1
| #define HAVE_SYS_TYPES_H 1
| #define HAVE_SYS_STAT_H 1
| #define HAVE_STDLIB_H 1
| #define HAVE_STRING_H 1
| #define HAVE_MEMORY_H 1
| #define HAVE_STRINGS_H 1
| #define HAVE_INTTYPES_H 1
| #define HAVE_STDINT_H 1
| #define HAVE_UNISTD_H 1
| #define HAVE_LINUX_NET_TSTAMP_H 1
| /* end confdefs.h.  */
| #include <librdi.h>
configure:3300: result: no
configure:3300: checking for librdi.h
configure:3300: result: no
configure:3464: checking for clock_gettime in -lrt
configure:3489: gcc -o conftest -O2    conftest.c -lrt   >&5
configure:3489: $? = 0
configure:3498: result: yes
configure:3504: checking for nl_handle_alloc in -lnl
configure:3529: gcc -o conftest -O2    conftest.c -lnl   >&5
/usr/bin/ld: cannot find -lnl
collect2: error: ld returned 1 exit status
configure:3529: $? = 1
configure: failed program was:
| /* confdefs.h */
| #define PACKAGE_NAME "pfring"
| #define PACKAGE_TARNAME "pfring"
| #define PACKAGE_VERSION "1.0"
| #define PACKAGE_STRING "pfring 1.0"
| #define PACKAGE_BUGREPORT ""
| #define PACKAGE_URL ""
| #define STDC_HEADERS 1
| #define HAVE_SYS_TYPES_H 1
| #define HAVE_SYS_STAT_H 1
| #define HAVE_STDLIB_H 1
| #define HAVE_STRING_H 1
| #define HAVE_MEMORY_H 1
| #define HAVE_STRINGS_H 1
| #define HAVE_INTTYPES_H 1
| #define HAVE_STDINT_H 1
| #define HAVE_UNISTD_H 1
| #define HAVE_LINUX_NET_TSTAMP_H 1
| /* end confdefs.h.  */
| 
| /* Override any GCC internal prototype to avoid an error.
|    Use char because int might match the return type of a GCC
|    builtin and then its argument prototype would still apply.  */
| #ifdef __cplusplus
| extern "C"
| #endif
| char nl_handle_alloc ();
| int
| main ()
| {
| return nl_handle_alloc ();
|   ;
|   return 0;
| }
configure:3538: result: no
configure:3544: checking for dlopen, dlsym in -ldl
configure:3569: gcc -o conftest -O2    conftest.c -ldl   >&5
configure:3569: $? = 0
configure:3578: result: yes
configure:3628: checking for nl_socket_alloc in -lnl-3
configure:3653: gcc -o conftest -O2    conftest.c -lnl-3   >&5
/usr/bin/ld: cannot find -lnl-3
collect2: error: ld returned 1 exit status
configure:3653: $? = 1
configure: failed program was:
| /* confdefs.h */
| #define PACKAGE_NAME "pfring"
| #define PACKAGE_TARNAME "pfring"
| #define PACKAGE_VERSION "1.0"
| #define PACKAGE_STRING "pfring 1.0"
| #define PACKAGE_BUGREPORT ""
| #define PACKAGE_URL ""
| #define STDC_HEADERS 1
| #define HAVE_SYS_TYPES_H 1
| #define HAVE_SYS_STAT_H 1
| #define HAVE_STDLIB_H 1
| #define HAVE_STRING_H 1
| #define HAVE_MEMORY_H 1
| #define HAVE_STRINGS_H 1
| #define HAVE_INTTYPES_H 1
| #define HAVE_STDINT_H 1
| #define HAVE_UNISTD_H 1
| #define HAVE_LINUX_NET_TSTAMP_H 1
| /* end confdefs.h.  */
| 
| /* Override any GCC internal prototype to avoid an error.
|    Use char because int might match the return type of a GCC
|    builtin and then its argument prototype would still apply.  */
| #ifdef __cplusplus
| extern "C"
| #endif
| char nl_socket_alloc ();
| int
| main ()
| {
| return nl_socket_alloc ();
|   ;
|   return 0;
| }
configure:3662: result: no
configure:3725: checking for pthread_setaffinity_np in -lpthread
configure:3750: gcc -o conftest -O2    conftest.c -lpthread   >&5
configure:3750: $? = 0
configure:3759: result: yes
configure:3772: checking PF_RING ZC support
configure:3780: result: yes
configure:3814: checking PF_RING FT support
configure:3822: result: yes
configure:3846: checking PF_RING NPCAP support
configure:3854: result: yes
configure:3862: checking if r/w locks are supported
configure:3882: gcc -o conftest -O2    conftest.c  >&5
configure:3882: $? = 0
configure:3882: ./conftest
configure:3882: $? = 0
configure:3883: result: yes
configure:3968: checking nDPI support for FT
configure:3978: result: no
configure:3980: WARNING: nDPI is required for L7 protocol detection with PF_RING FT, please install it from http://github.com/ntop/nDPI
configure:3982: checking nDPI support for nBPF - static linking
configure:3992: result: no
configure:4215: creating ./config.status

## ---------------------- ##
## Running config.status. ##
## ---------------------- ##

This file was extended by pfring config.status 1.0, which was
generated by GNU Autoconf 2.69.  Invocation command line was

  CONFIG_FILES    = 
  CONFIG_HEADERS  = 
  CONFIG_LINKS    = 
  CONFIG_COMMANDS = 
  $ ./config.status 

on mubbashir

config.status:875: creating lib/Makefile
config.status:875: creating lib/pfring_config
config.status:875: creating examples/Makefile
config.status:875: creating examples_zc/Makefile
config.status:875: creating examples_ft/Makefile
config.status:875: creating c++/Makefile
config.status:875: creating nbpf/Makefile
config.status:875: creating wireshark/extcap/Makefile
config.status:875: creating lib/config.h
config.status:1045: lib/config.h is unchanged

## ---------------- ##
## Cache variables. ##
## ---------------- ##

ac_cv_c_compiler_gnu=yes
ac_cv_env_CC_set=
ac_cv_env_CC_value=
ac_cv_env_CFLAGS_set=
ac_cv_env_CFLAGS_value=
ac_cv_env_CPPFLAGS_set=
ac_cv_env_CPPFLAGS_value=
ac_cv_env_CPP_set=
ac_cv_env_CPP_value=
ac_cv_env_LDFLAGS_set=
ac_cv_env_LDFLAGS_value=
ac_cv_env_LIBS_set=
ac_cv_env_LIBS_value=
ac_cv_env_build_alias_set=
ac_cv_env_build_alias_value=
ac_cv_env_host_alias_set=
ac_cv_env_host_alias_value=
ac_cv_env_target_alias_set=
ac_cv_env_target_alias_value=
ac_cv_header_inttypes_h=yes
ac_cv_header_librdi_h=no
ac_cv_header_linux_net_tstamp_h=yes
ac_cv_header_memory_h=yes
ac_cv_header_stdc=yes
ac_cv_header_stdint_h=yes
ac_cv_header_stdlib_h=yes
ac_cv_header_string_h=yes
ac_cv_header_strings_h=yes
ac_cv_header_sys_stat_h=yes
ac_cv_header_sys_types_h=yes
ac_cv_header_unistd_h=yes
ac_cv_lib_dl_dlopen__dlsym=yes
ac_cv_lib_nl_3_nl_socket_alloc=no
ac_cv_lib_nl_nl_handle_alloc=no
ac_cv_lib_pthread_pthread_setaffinity_np=yes
ac_cv_lib_rt_clock_gettime=yes
ac_cv_objext=o
ac_cv_path_EGREP='/bin/grep -E'
ac_cv_path_GREP=/bin/grep
ac_cv_prog_CPP='gcc -E'
ac_cv_prog_ac_ct_CC=gcc
ac_cv_prog_cc_c89=
ac_cv_prog_cc_g=yes

## ----------------- ##
## Output variables. ##
## ----------------- ##

ACCOLADE_DEP='extract_accolade_lib'
ACCOLADE_OBJS='pfring_mod_accolade.o '
AF_XDP_DEP=''
AF_XDP_LIB=''
AF_XDP_OBJS=''
AR_X='ar x'
BPF_INCLUDE='-I../libpcap'
CC='gcc'
CFLAGS='-O2 '
CPP='gcc -E'
CPPFLAGS=''
DAG_DEP='extract_dag_lib'
DAG_LIB='-lm -ldl'
DAG_OBJS='pfring_mod_dag.o '
DEFS='-DHAVE_CONFIG_H'
ECHO_C=''
ECHO_N='-n'
ECHO_T=''
EGREP='/bin/grep -E'
EXABLAZE_DEP=''
EXABLAZE_LIB=''
EXABLAZE_OBJS=''
EXEEXT=''
FIBERBLAZE_DEP='extract_fiberblaze_lib'
FIBERBLAZE_LIB='-lm -ldl'
FIBERBLAZE_OBJS='pfring_mod_fiberblaze.o '
GREP='/bin/grep'
HAVE_ACCOLADE='-D HAVE_ACCOLADE'
HAVE_AF_XDP=''
HAVE_BPF='-D ENABLE_BPF'
HAVE_DAG='-D HAVE_DAG'
HAVE_EXABLAZE=''
HAVE_FIBERBLAZE='-D HAVE_FIBERBLAZE'
HAVE_HW_TIMESTAMP='-D ENABLE_HW_TIMESTAMP'
HAVE_HYPERSCAN=''
HAVE_MYRICOM='-D HAVE_MYRICOM'
HAVE_NDPI=''
HAVE_NETCOPE='-D HAVE_NETCOPE'
HAVE_NPCAP='-D HAVE_NPCAP'
HAVE_NT='-D HAVE_NT'
HAVE_PF_RING_FT='-D HAVE_PF_RING_FT'
HAVE_PF_RING_ZC='-D HAVE_PF_RING_ZC'
HAVE_REDIS=''
HAVE_ZMQ=''
LDFLAGS=''
LIBOBJS=''
LIBS=''
LTLIBOBJS=''
MAJOR_VER='7'
MOD_ACCOLADE_LIB='libs/libpfring_accolade_x86_64.a'
MOD_DAG_LIB='libs/libpfring_dag_x86_64.a'
MOD_FIBERBLAZE_LIB='libs/libpfring_fiberblaze_x86_64.a'
MOD_MYRICOM_LIB='libs/libpfring_myricom_x86_64.a'
MOD_NETCOPE_LIB='libs/libpfring_netcope_x86_64.a'
MOD_NT_LIB='libs/libpfring_nt_x86_64.a'
MYRICOM_DEP='extract_myricom_lib'
MYRICOM_OBJS='pfring_mod_myricom.o '
NDPI_INC=''
NDPI_LIB=''
NETCOPE_DEP='extract_netcope_lib'
NETCOPE_OBJS='pfring_mod_netcope.o '
NPCAP_DEP='extract_npcap_lib'
NPCAP_H='npcap.h'
NPCAP_LIB='libs/libnpcap_x86_64.a'
NPCAP_OBJS='pfring_mod_timeline.o npcap_extract.o index_match.o npcap_utils.o npcap_compression.o npcap_index.o npcap_timeline.o npcap_storage.o lzf_c.o lzf_d.o '
NT_DEP='extract_nt_lib'
NT_OBJS='pfring_mod_nt.o '
OBJEXT='o'
PACKAGE_BUGREPORT=''
PACKAGE_NAME='pfring'
PACKAGE_STRING='pfring 1.0'
PACKAGE_TARNAME='pfring'
PACKAGE_URL=''
PACKAGE_VERSION='1.0'
PATH_SEPARATOR=':'
PF_RING_FT_DEP='extract_pfring_ft_lib'
PF_RING_FT_H='pfring_ft.h'
PF_RING_FT_LIB='libs/libpfring_ft_x86_64_dl.a'
PF_RING_FT_OBJS='pfring_ft_flow.o pfring_ft_hash.o pfring_ft_list.o pfring_ft_dpi.o pfring_ft_utils.o pfring_ft_table.o pfring_ft_fragment_hash.o '
PF_RING_ZC_DEP='extract_pfring_zc_lib'
PF_RING_ZC_H='pfring_zc.h'
PF_RING_ZC_LIB='libs/libpfring_zc_x86_64.a'
PF_RING_ZC_OBJS='pfring_zc_dev_e1000.o pfring_zc_dev_e1000e.o pfring_zc_dev_ixgbe.o pfring_zc_dev_ixgbevf.o pfring_zc_dev_igb.o pfring_zc_dev_i40e.o pfring_zc_dev_fm10k.o pfring_zc_dev_rss.o pfring_zc_dev_sal.o pfring_mod_zc.o pfring_mod_zc_dev.o pfring_mod_zc_spsc.o pfring_zc_cluster.o pfring_zc_mm.o uio_lib.o hugetlb_lib.o numa_lib.o pfring_zc_kvm.o pfring_zc_kvm_utils.o silicom_ts_card.o '
REDIS_LIB=''
SHELL='/bin/bash'
SYSLIBS=' -lrt -ldl'
VER='7.5.0'
ZMQ_LIB=''
ac_ct_CC='gcc'
bindir='${exec_prefix}/bin'
build_alias=''
datadir='${datarootdir}'
datarootdir='${prefix}/share'
docdir='${datarootdir}/doc/${PACKAGE_TARNAME}'
dvidir='${docdir}'
exec_prefix='${prefix}'
host_alias=''
htmldir='${docdir}'
includedir='${prefix}/include'
infodir='${datarootdir}/info'
libdir='${exec_prefix}/lib'
libexecdir='${exec_prefix}/libexec'
localedir='${datarootdir}/locale'
localstatedir='${prefix}/var'
mandir='${datarootdir}/man'
oldincludedir='/usr/include'
pdfdir='${docdir}'
prefix='/usr/local'
program_transform_name='s,x,x,'
psdir='${docdir}'
runstatedir='${localstatedir}/run'
sbindir='${exec_prefix}/sbin'
sharedstatedir='${prefix}/com'
sysconfdir='${prefix}/etc'
target_alias=''

## ----------- ##
## confdefs.h. ##
## ----------- ##

/* confdefs.h */
#define PACKAGE_NAME "pfring"
#define PACKAGE_TARNAME "pfring"
#define PACKAGE_VERSION "1.0"
#define PACKAGE_STRING "pfring 1.0"
#define PACKAGE_BUGREPORT ""
#define PACKAGE_URL ""
#define STDC_HEADERS 1
#define HAVE_SYS_TYPES_H 1
#define HAVE_SYS_STAT_H 1
#define HAVE_STDLIB_H 1
#define HAVE_STRING_H 1
#define HAVE_MEMORY_H 1
#define HAVE_STRINGS_H 1
#define HAVE_INTTYPES_H 1
#define HAVE_STDINT_H 1
#define HAVE_UNISTD_H 1
#define HAVE_LINUX_NET_TSTAMP_H 1
#define HAVE_PTHREAD_SETAFFINITY_NP 1
#define HAVE_RW_LOCK 1

configure: exit 0
